[{
  "data": "[NbConvertApp] Converting notebook __notebook__.ipynb to notebook\n",
  "stream_name": "stderr",
  "time": 1.7282480469984876
},{
  "data": "[NbConvertApp] Executing notebook with kernel: python3\n",
  "stream_name": "stderr",
  "time": 4.08071836399904
},{
  "data": "[NbConvertApp] Writing 97097 bytes to __notebook__.ipynb\n",
  "stream_name": "stderr",
  "time": 9.527641642998788
},{
  "data": "[NbConvertApp] Converting notebook __notebook__.ipynb to html\n",
  "stream_name": "stderr",
  "time": 10.597122988998308
},{
  "data": "[NbConvertApp] Support files will be in __results___files/\n[NbConvertApp] Making directory __results___files\n",
  "stream_name": "stderr",
  "time": 11.268340246999287
},{
  "data": "[NbConvertApp] Writing 375024 bytes to __results__.html\n",
  "stream_name": "stderr",
  "time": 11.270572663001076
}]